#
# A fatal error has been detected by the Java Runtime Environment:
#
#  EXCEPTION_ACCESS_VIOLATION (0xc0000005) at pc=0x00007ff851333006, pid=7716, tid=9016
#
# JRE version: OpenJDK Runtime Environment (11.0.2+9) (build 11.0.2+9)
# Java VM: OpenJDK 64-Bit Server VM (11.0.2+9, mixed mode, tiered, compressed oops, g1 gc, windows-amd64)
# Problematic frame:
# V  [jvm.dll+0x703006]
#
# No core dump will be written. Minidumps are not enabled by default on client versions of Windows
#
# If you would like to submit a bug report, please visit:
#   http://bugreport.java.com/bugreport/crash.jsp
#

---------------  S U M M A R Y ------------

Command Line: --add-opens=java.base/java.util=ALL-UNNAMED --add-opens=java.base/java.lang=ALL-UNNAMED --add-opens=java.base/java.lang.invoke=ALL-UNNAMED --add-opens=java.prefs/java.util.prefs=ALL-UNNAMED -XX:MaxMetaspaceSize=256m -XX:+HeapDumpOnOutOfMemoryError -Xms256m -Xmx512m -Dfile.encoding=x-windows-949 -Duser.country=KR -Duser.language=ko -Duser.variant org.gradle.launcher.daemon.bootstrap.GradleDaemon 6.1.1

Host: Intel(R) Core(TM) i5-7300HQ CPU @ 2.50GHz, 4 cores, 3G,  Windows 10 , 64 bit Build 18362 (10.0.18362.900)
Time: Mon Jul 13 22:17:46 2020 ¢¥eCN©öI¡¾©ö C¡ÍA¨ª¨öA elapsed time: 4668 seconds (0d 1h 17m 48s)

---------------  T H R E A D  ---------------

Current thread (0x0000023f235bb000):  GCTaskThread "GC Thread#0" [stack: 0x0000007ac6500000,0x0000007ac6600000] [id=9016]

Stack: [0x0000007ac6500000,0x0000007ac6600000],  sp=0x0000007ac65ff220,  free space=1020k
Native frames: (J=compiled Java code, j=interpreted, Vv=VM code, C=native code)
V  [jvm.dll+0x703006]
V  [jvm.dll+0x703d64]
V  [jvm.dll+0x2f58de]
V  [jvm.dll+0x2f5471]
V  [jvm.dll+0x7a4000]
V  [jvm.dll+0x633942]
C  [ucrtbase.dll+0x20e82]
C  [KERNEL32.DLL+0x17bd4]
C  [ntdll.dll+0x6ce51]


siginfo: EXCEPTION_ACCESS_VIOLATION (0xc0000005), reading address 0x0000001000000003


Register to memory mapping:

RIP=0x00007ff851333006 jvm.dll
RAX=0x0000000000000001 is an unknown value
RBX=0x0000023f3f2d9f98 points into unknown readable memory: 03 00 00 00 10 00 00 00
RCX=0x0000001000000001 is an unknown value
RDX=0x0000000000000020 is an unknown value
RSP=0x0000007ac65ff220 points into unknown readable memory: 00 b0 4b 51 f8 7f 00 00
RBP=0x0000007ac65ff280 points into unknown readable memory: 60 0a 00 00 01 00 00 00
RSI=0x0000023f40218958 points into unknown readable memory: 98 9f 2d 3f 3f 02 00 00
RDI=0x0000007ac65ff2d0 points into unknown readable memory: 00 00 00 00 3f 02 00 00
R8 =0x0000007ac65ff280 points into unknown readable memory: 60 0a 00 00 01 00 00 00
R9 =0x0000000000000001 is an unknown value
R10=0x0000000000008000 is an unknown value
R11=0x0000007ac65ff180 points into unknown readable memory: 00 16 00 00 00 00 00 00
R12=0x000000000000000e is an unknown value
R13=0x0000007ac6afe740 points into unknown readable memory: 68 a7 4a 51 f8 7f 00 00
R14=0x0000000000001a90 is an unknown value
R15=0x0000000000001a90 is an unknown value


Registers:
RAX=0x0000000000000001, RBX=0x0000023f3f2d9f98, RCX=0x0000001000000001, RDX=0x0000000000000020
RSP=0x0000007ac65ff220, RBP=0x0000007ac65ff280, RSI=0x0000023f40218958, RDI=0x0000007ac65ff2d0
R8 =0x0000007ac65ff280, R9 =0x0000000000000001, R10=0x0000000000008000, R11=0x0000007ac65ff180
R12=0x000000000000000e, R13=0x0000007ac6afe740, R14=0x0000000000001a90, R15=0x0000000000001a90
RIP=0x00007ff851333006, EFLAGS=0x0000000000010216

Top of Stack: (sp=0x0000007ac65ff220)
0x0000007ac65ff220:   00007ff8514bb000 00007ff800000000
0x0000007ac65ff230:   0000007ac6afe8a0 00000000000006b6
0x0000007ac65ff240:   0000007ac6afe7e0 0000007ac65ff3a0
0x0000007ac65ff250:   0000000000000000 00007ff851333d64
0x0000007ac65ff260:   0000000000004e2b 0000007ac65ff308
0x0000007ac65ff270:   0000007ac65ff2d0 0000000000000003
0x0000007ac65ff280:   0000000100000a60 0000023f45703a08
0x0000007ac65ff290:   0000023f45703a08 0000000000000003
0x0000007ac65ff2a0:   0000000000000003 00007ff850f258de
0x0000007ac65ff2b0:   0000007ac6afe760 0000000000000000
0x0000007ac65ff2c0:   0000007ac6afe740 0000023f235bb000
0x0000007ac65ff2d0:   0000023f00000000 0000000000000000
0x0000007ac65ff2e0:   0000023f2def8710 00007ff850f25471
0x0000007ac65ff2f0:   0000023f00003032 0000023f214ff390
0x0000007ac65ff300:   00000000000006b6 0000023f00000000
0x0000007ac65ff310:   0000007a00000000 00007ff888e38b03 

Instructions: (pc=0x00007ff851333006)
0x00007ff851332fe6:   db 74 50 0f 1f 80 00 00 00 00 f6 43 08 01 74 09
0x00007ff851332ff6:   83 3d 53 13 35 00 00 74 3a 48 8b 4b 10 ff 45 00
0x00007ff851333006:   0f b7 41 02 66 85 c0 75 1d e8 cc 9a ef ff 48 8b
0x00007ff851333016:   43 08 48 8b d3 48 83 e0 fe 48 8b cd 48 89 06 e8 


Stack slot to memory mapping:
stack at sp + 0 slots: 0x00007ff8514bb000 jvm.dll
stack at sp + 1 slots: 0x00007ff800000000 is an unknown value
stack at sp + 2 slots: 0x0000007ac6afe8a0 points into unknown readable memory: 88 92 4a 51 f8 7f 00 00
stack at sp + 3 slots: 0x00000000000006b6 is an unknown value
stack at sp + 4 slots: 0x0000007ac6afe7e0 points into unknown readable memory: a0 e8 af c6 7a 00 00 00
stack at sp + 5 slots: 0x0000007ac65ff3a0 points into unknown readable memory: d1 b9 f9 65 ba f5 00 00
stack at sp + 6 slots: 0x0 is NULL
stack at sp + 7 slots: 0x00007ff851333d64 jvm.dll


---------------  P R O C E S S  ---------------

Threads class SMR info:
_java_thread_list=0x0000023f3f7d4a50, length=38, elements={
0x0000023f235a3800, 0x0000023f3e0da800, 0x0000023f3e0db000, 0x0000023f3e953000,
0x0000023f3e954000, 0x0000023f3e955000, 0x0000023f3e958000, 0x0000023f3e9cc000,
0x0000023f3eabe000, 0x0000023f3eacc800, 0x0000023f40369800, 0x0000023f3fa10800,
0x0000023f3f6f7800, 0x0000023f40b8a800, 0x0000023f40b86800, 0x0000023f40b84800,
0x0000023f40b89800, 0x0000023f434a5800, 0x0000023f434a7000, 0x0000023f434af800,
0x0000023f40b85800, 0x0000023f40b8b800, 0x0000023f40b87000, 0x0000023f40b89000,
0x0000023f40e3e800, 0x0000023f40e3f800, 0x0000023f40e40000, 0x0000023f40e3a800,
0x0000023f40e3b800, 0x0000023f40e42000, 0x0000023f40e41000, 0x0000023f40e3d000,
0x0000023f40e42800, 0x0000023f40e3e000, 0x0000023f40e49000, 0x0000023f40e45000,
0x0000023f40e47000, 0x0000023f40e44800
}

Java Threads: ( => current thread )
  0x0000023f235a3800 JavaThread "main" [_thread_blocked, id=15208, stack(0x0000007ac6400000,0x0000007ac6500000)]
  0x0000023f3e0da800 JavaThread "Reference Handler" daemon [_thread_blocked, id=6476, stack(0x0000007ac6b00000,0x0000007ac6c00000)]
  0x0000023f3e0db000 JavaThread "Finalizer" daemon [_thread_blocked, id=7612, stack(0x0000007ac6c00000,0x0000007ac6d00000)]
  0x0000023f3e953000 JavaThread "Signal Dispatcher" daemon [_thread_blocked, id=8528, stack(0x0000007ac6d00000,0x0000007ac6e00000)]
  0x0000023f3e954000 JavaThread "Attach Listener" daemon [_thread_blocked, id=15604, stack(0x0000007ac6e00000,0x0000007ac6f00000)]
  0x0000023f3e955000 JavaThread "C2 CompilerThread0" daemon [_thread_blocked, id=636, stack(0x0000007ac6f00000,0x0000007ac7000000)]
  0x0000023f3e958000 JavaThread "C1 CompilerThread0" daemon [_thread_blocked, id=17436, stack(0x0000007ac7000000,0x0000007ac7100000)]
  0x0000023f3e9cc000 JavaThread "Sweeper thread" daemon [_thread_blocked, id=8856, stack(0x0000007ac7100000,0x0000007ac7200000)]
  0x0000023f3eabe000 JavaThread "Common-Cleaner" daemon [_thread_blocked, id=6880, stack(0x0000007ac7200000,0x0000007ac7300000)]
  0x0000023f3eacc800 JavaThread "Service Thread" daemon [_thread_blocked, id=4240, stack(0x0000007ac7300000,0x0000007ac7400000)]
  0x0000023f40369800 JavaThread "Daemon health stats" [_thread_blocked, id=512, stack(0x0000007ac7a00000,0x0000007ac7b00000)]
  0x0000023f3fa10800 JavaThread "Incoming local TCP Connector on port 53797" [_thread_in_native, id=13048, stack(0x0000007ac7900000,0x0000007ac7a00000)]
  0x0000023f3f6f7800 JavaThread "Daemon periodic checks" [_thread_blocked, id=13640, stack(0x0000007ac7b00000,0x0000007ac7c00000)]
  0x0000023f40b8a800 JavaThread "Cache worker for journal cache (C:\Users\bkuek\.gradle\caches\journal-1)" [_thread_blocked, id=1636, stack(0x0000007ac8300000,0x0000007ac8400000)]
  0x0000023f40b86800 JavaThread "File lock request listener" [_thread_in_native, id=14080, stack(0x0000007ac8400000,0x0000007ac8500000)]
  0x0000023f40b84800 JavaThread "Cache worker for file hash cache (C:\Users\bkuek\.gradle\caches\6.1.1\fileHashes)" [_thread_blocked, id=13136, stack(0x0000007ac8500000,0x0000007ac8600000)]
  0x0000023f40b89800 JavaThread "Cache worker for execution history cache (C:\Users\bkuek\.gradle\caches\6.1.1\executionHistory)" [_thread_blocked, id=15672, stack(0x0000007ac8b00000,0x0000007ac8c00000)]
  0x0000023f434a5800 JavaThread "Memory manager" [_thread_blocked, id=14676, stack(0x0000007ac9100000,0x0000007ac9200000)]
  0x0000023f434a7000 JavaThread "Cache worker for file content cache (C:\Users\bkuek\.gradle\caches\6.1.1\fileContent)" [_thread_blocked, id=9880, stack(0x0000007ac9200000,0x0000007ac9300000)]
  0x0000023f434af800 JavaThread "Cache worker for Java compile cache (C:\Users\bkuek\.gradle\caches\6.1.1\javaCompile)" [_thread_blocked, id=2852, stack(0x0000007ac9800000,0x0000007ac9900000)]
  0x0000023f40b85800 JavaThread "Daemon Thread 8" [_thread_blocked, id=3404, stack(0x0000007ac6200000,0x0000007ac6300000)]
  0x0000023f40b8b800 JavaThread "Handler for socket connection from /127.0.0.1:53797 to /127.0.0.1:54990" [_thread_in_native, id=8160, stack(0x0000007ac6300000,0x0000007ac6400000)]
  0x0000023f40b87000 JavaThread "Cancel handler" [_thread_blocked, id=16052, stack(0x0000007ac7500000,0x0000007ac7600000)]
  0x0000023f40b89000 JavaThread "Daemon worker Thread 8" [_thread_blocked, id=12900, stack(0x0000007ac7c00000,0x0000007ac7d00000)]
  0x0000023f40e3e800 JavaThread "Asynchronous log dispatcher for DefaultDaemonConnection: socket connection from /127.0.0.1:53797 to /127.0.0.1:54990" [_thread_blocked, id=8496, stack(0x0000007ac7d00000,0x0000007ac7e00000)]
  0x0000023f40e3f800 JavaThread "Stdin handler" [_thread_blocked, id=10544, stack(0x0000007ac7e00000,0x0000007ac7f00000)]
  0x0000023f40e40000 JavaThread "Thread-377" [_thread_blocked, id=17096, stack(0x0000007ac7f00000,0x0000007ac8000000)]
  0x0000023f40e3a800 JavaThread "Cache worker for checksums cache (D:\springboot-webservice2\.gradle\checksums)" [_thread_blocked, id=6740, stack(0x0000007ac8000000,0x0000007ac8100000)]
  0x0000023f40e3b800 JavaThread "Cache worker for file hash cache (D:\springboot-webservice2\.gradle\6.1.1\fileHashes)" [_thread_blocked, id=4460, stack(0x0000007ac8100000,0x0000007ac8200000)]
  0x0000023f40e42000 JavaThread "Cache worker for cache directory md-supplier (C:\Users\bkuek\.gradle\caches\6.1.1\md-supplier)" [_thread_blocked, id=6108, stack(0x0000007ac8200000,0x0000007ac8300000)]
  0x0000023f40e41000 JavaThread "Cache worker for cache directory md-rule (C:\Users\bkuek\.gradle\caches\6.1.1\md-rule)" [_thread_blocked, id=16160, stack(0x0000007ac8600000,0x0000007ac8700000)]
  0x0000023f40e3d000 JavaThread "Build operations" [_thread_blocked, id=8264, stack(0x0000007ac8700000,0x0000007ac8800000)]
  0x0000023f40e42800 JavaThread "Build operations Thread 2" [_thread_blocked, id=18024, stack(0x0000007ac8800000,0x0000007ac8900000)]
  0x0000023f40e3e000 JavaThread "Build operations Thread 3" [_thread_blocked, id=9456, stack(0x0000007ac8900000,0x0000007ac8a00000)]
  0x0000023f40e49000 JavaThread "Build operations Thread 4" [_thread_blocked, id=5880, stack(0x0000007ac8a00000,0x0000007ac8b00000)]
  0x0000023f40e45000 JavaThread "Cache worker for Build Output Cleanup Cache (D:\springboot-webservice2\.gradle\buildOutputCleanup)" [_thread_blocked, id=11148, stack(0x0000007ac8d00000,0x0000007ac8e00000)]
  0x0000023f40e47000 JavaThread "Cache worker for file content cache (D:\springboot-webservice2\.gradle\6.1.1\fileContent)" [_thread_blocked, id=10140, stack(0x0000007ac8e00000,0x0000007ac8f00000)]
  0x0000023f40e44800 JavaThread "C2 CompilerThread1" daemon [_thread_blocked, id=10712, stack(0x0000007ac8c00000,0x0000007ac8d00000)]

Other Threads:
  0x0000023f3e0b5800 VMThread "VM Thread" [stack: 0x0000007ac6a00000,0x0000007ac6b00000] [id=15712]
  0x0000023f3eace000 WatcherThread [stack: 0x0000007ac7400000,0x0000007ac7500000] [id=15852]
=>0x0000023f235bb000 GCTaskThread "GC Thread#0" [stack: 0x0000007ac6500000,0x0000007ac6600000] [id=9016]
  0x0000023f3f255000 GCTaskThread "GC Thread#1" [stack: 0x0000007ac7600000,0x0000007ac7700000] [id=1696]
  0x0000023f3f255800 GCTaskThread "GC Thread#2" [stack: 0x0000007ac7700000,0x0000007ac7800000] [id=8424]
  0x0000023f3f256000 GCTaskThread "GC Thread#3" [stack: 0x0000007ac7800000,0x0000007ac7900000] [id=412]
  0x0000023f235cb000 ConcurrentGCThread "G1 Main Marker" [stack: 0x0000007ac6600000,0x0000007ac6700000] [id=10044]
  0x0000023f235ce800 ConcurrentGCThread "G1 Conc#0" [stack: 0x0000007ac6700000,0x0000007ac6800000] [id=7572]
  0x0000023f2367e000 ConcurrentGCThread "G1 Refine#0" [stack: 0x0000007ac6800000,0x0000007ac6900000] [id=880]
  0x0000023f3df4e800 ConcurrentGCThread "G1 Young RemSet Sampling" [stack: 0x0000007ac6900000,0x0000007ac6a00000] [id=12356]

Threads with active compile tasks:
C2 CompilerThread017021       4       org.gradle.api.internal.artifacts.ivyservice.resolveengine.result.StreamingResolutionResultBuilder$2::write (23 bytes)
C2 CompilerThread116995   !   4       io.spring.gradle.dependencymanagement.org.apache.maven.model.ModelBase::clone (397 bytes)

VM state:at safepoint (normal execution)

VM Mutex/Monitor currently owned by a thread:  ([mutex/lock_event])
[0x0000023f235a14b0] Threads_lock - owner thread: 0x0000023f3e0b5800
[0x0000023f235a2aa0] Heap_lock - owner thread: 0x0000023f235cb000

Heap address: 0x00000000e0000000, size: 512 MB, Compressed Oops mode: 32-bit
Narrow klass base: 0x0000000000000000, Narrow klass shift: 3
Compressed class space size: 260046848 Address: 0x0000000100000000

Heap:
 garbage-first heap   total 262144K, used 191838K [0x00000000e0000000, 0x0000000100000000)
  region size 1024K, 73 young (74752K), 9 survivors (9216K)
 Metaspace       used 78458K, capacity 81042K, committed 81284K, reserved 325632K
  class space    used 9493K, capacity 10453K, committed 10572K, reserved 253952K
Heap Regions: E=young(eden), S=young(survivor), O=old, HS=humongous(starts), HC=humongous(continues), CS=collection set, F=free, A=archive, TAMS=top-at-mark-start (previous, next)
|   0|0x00000000e0000000, 0x00000000e0100000, 0x00000000e0100000|100%| O|  |TAMS 0x00000000e0100000, 0x00000000e0100000| Untracked 
|   1|0x00000000e0100000, 0x00000000e0200000, 0x00000000e0200000|100%| O|  |TAMS 0x00000000e0200000, 0x00000000e0200000| Untracked 
|   2|0x00000000e0200000, 0x00000000e0300000, 0x00000000e0300000|100%| O|  |TAMS 0x00000000e0300000, 0x00000000e0300000| Untracked 
|   3|0x00000000e0300000, 0x00000000e0400000, 0x00000000e0400000|100%|HS|  |TAMS 0x00000000e0400000, 0x00000000e0400000| Complete 
|   4|0x00000000e0400000, 0x00000000e0500000, 0x00000000e0500000|100%|HC|  |TAMS 0x00000000e0500000, 0x00000000e0500000| Complete 
|   5|0x00000000e0500000, 0x00000000e0600000, 0x00000000e0600000|100%|HC|  |TAMS 0x00000000e0600000, 0x00000000e0600000| Complete 
|   6|0x00000000e0600000, 0x00000000e0700000, 0x00000000e0700000|100%| O|  |TAMS 0x00000000e0700000, 0x00000000e0700000| Untracked 
|   7|0x00000000e0700000, 0x00000000e0800000, 0x00000000e0800000|100%| O|  |TAMS 0x00000000e0800000, 0x00000000e0800000| Untracked 
|   8|0x00000000e0800000, 0x00000000e0900000, 0x00000000e0900000|100%| O|  |TAMS 0x00000000e0900000, 0x00000000e0900000| Untracked 
|   9|0x00000000e0900000, 0x00000000e0a00000, 0x00000000e0a00000|100%| O|  |TAMS 0x00000000e0a00000, 0x00000000e0a00000| Untracked 
|  10|0x00000000e0a00000, 0x00000000e0b00000, 0x00000000e0b00000|100%| O|  |TAMS 0x00000000e0b00000, 0x00000000e0b00000| Untracked 
|  11|0x00000000e0b00000, 0x00000000e0c00000, 0x00000000e0c00000|100%| O|  |TAMS 0x00000000e0c00000, 0x00000000e0c00000| Untracked 
|  12|0x00000000e0c00000, 0x00000000e0d00000, 0x00000000e0d00000|100%| O|  |TAMS 0x00000000e0d00000, 0x00000000e0d00000| Untracked 
|  13|0x00000000e0d00000, 0x00000000e0e00000, 0x00000000e0e00000|100%| O|  |TAMS 0x00000000e0e00000, 0x00000000e0e00000| Untracked 
|  14|0x00000000e0e00000, 0x00000000e0f00000, 0x00000000e0f00000|100%| O|  |TAMS 0x00000000e0f00000, 0x00000000e0f00000| Untracked 
|  15|0x00000000e0f00000, 0x00000000e1000000, 0x00000000e1000000|100%| O|  |TAMS 0x00000000e1000000, 0x00000000e1000000| Untracked 
|  16|0x00000000e1000000, 0x00000000e1100000, 0x00000000e1100000|100%| O|  |TAMS 0x00000000e1100000, 0x00000000e1100000| Untracked 
|  17|0x00000000e1100000, 0x00000000e1200000, 0x00000000e1200000|100%| O|  |TAMS 0x00000000e1200000, 0x00000000e1200000| Untracked 
|  18|0x00000000e1200000, 0x00000000e1300000, 0x00000000e1300000|100%| O|  |TAMS 0x00000000e1300000, 0x00000000e1300000| Untracked 
|  19|0x00000000e1300000, 0x00000000e1400000, 0x00000000e1400000|100%| O|  |TAMS 0x00000000e1400000, 0x00000000e1400000| Untracked 
|  20|0x00000000e1400000, 0x00000000e1500000, 0x00000000e1500000|100%| O|  |TAMS 0x00000000e1500000, 0x00000000e1500000| Untracked 
|  21|0x00000000e1500000, 0x00000000e1600000, 0x00000000e1600000|100%| O|  |TAMS 0x00000000e1600000, 0x00000000e1600000| Untracked 
|  22|0x00000000e1600000, 0x00000000e1700000, 0x00000000e1700000|100%| O|  |TAMS 0x00000000e1700000, 0x00000000e1700000| Untracked 
|  23|0x00000000e1700000, 0x00000000e1800000, 0x00000000e1800000|100%|HS|  |TAMS 0x00000000e1800000, 0x00000000e1800000| Complete 
|  24|0x00000000e1800000, 0x00000000e1900000, 0x00000000e1900000|100%| O|  |TAMS 0x00000000e1900000, 0x00000000e1900000| Untracked 
|  25|0x00000000e1900000, 0x00000000e1a00000, 0x00000000e1a00000|100%| O|  |TAMS 0x00000000e1a00000, 0x00000000e1a00000| Untracked 
|  26|0x00000000e1a00000, 0x00000000e1b00000, 0x00000000e1b00000|100%| O|  |TAMS 0x00000000e1b00000, 0x00000000e1b00000| Untracked 
|  27|0x00000000e1b00000, 0x00000000e1c00000, 0x00000000e1c00000|100%| O|  |TAMS 0x00000000e1c00000, 0x00000000e1c00000| Untracked 
|  28|0x00000000e1c00000, 0x00000000e1d00000, 0x00000000e1d00000|100%| O|  |TAMS 0x00000000e1d00000, 0x00000000e1d00000| Untracked 
|  29|0x00000000e1d00000, 0x00000000e1e00000, 0x00000000e1e00000|100%| O|  |TAMS 0x00000000e1e00000, 0x00000000e1e00000| Untracked 
|  30|0x00000000e1e00000, 0x00000000e1f00000, 0x00000000e1f00000|100%| O|  |TAMS 0x00000000e1f00000, 0x00000000e1f00000| Untracked 
|  31|0x00000000e1f00000, 0x00000000e2000000, 0x00000000e2000000|100%| O|  |TAMS 0x00000000e2000000, 0x00000000e2000000| Untracked 
|  32|0x00000000e2000000, 0x00000000e2100000, 0x00000000e2100000|100%| O|  |TAMS 0x00000000e2100000, 0x00000000e2100000| Untracked 
|  33|0x00000000e2100000, 0x00000000e2200000, 0x00000000e2200000|100%| O|  |TAMS 0x00000000e2200000, 0x00000000e2200000| Untracked 
|  34|0x00000000e2200000, 0x00000000e2300000, 0x00000000e2300000|100%| O|  |TAMS 0x00000000e2300000, 0x00000000e2300000| Untracked 
|  35|0x00000000e2300000, 0x00000000e2400000, 0x00000000e2400000|100%| O|  |TAMS 0x00000000e2400000, 0x00000000e2400000| Untracked 
|  36|0x00000000e2400000, 0x00000000e2500000, 0x00000000e2500000|100%| O|  |TAMS 0x00000000e2500000, 0x00000000e2500000| Untracked 
|  37|0x00000000e2500000, 0x00000000e2600000, 0x00000000e2600000|100%| O|  |TAMS 0x00000000e2500000, 0x00000000e2600000| Untracked 
|  38|0x00000000e2600000, 0x00000000e2700000, 0x00000000e2700000|100%| O|  |TAMS 0x00000000e2600000, 0x00000000e2700000| Untracked 
|  39|0x00000000e2700000, 0x00000000e2800000, 0x00000000e2800000|100%| O|  |TAMS 0x00000000e2700000, 0x00000000e2800000| Untracked 
|  40|0x00000000e2800000, 0x00000000e2900000, 0x00000000e2900000|100%| O|  |TAMS 0x00000000e2800000, 0x00000000e2900000| Untracked 
|  41|0x00000000e2900000, 0x00000000e2a00000, 0x00000000e2a00000|100%| O|  |TAMS 0x00000000e2900000, 0x00000000e2a00000| Untracked 
|  42|0x00000000e2a00000, 0x00000000e2b00000, 0x00000000e2b00000|100%| O|  |TAMS 0x00000000e2a00000, 0x00000000e2b00000| Untracked 
|  43|0x00000000e2b00000, 0x00000000e2c00000, 0x00000000e2c00000|100%| O|  |TAMS 0x00000000e2b00000, 0x00000000e2c00000| Untracked 
|  44|0x00000000e2c00000, 0x00000000e2d00000, 0x00000000e2d00000|100%| O|  |TAMS 0x00000000e2c00000, 0x00000000e2d00000| Untracked 
|  45|0x00000000e2d00000, 0x00000000e2e00000, 0x00000000e2e00000|100%| O|  |TAMS 0x00000000e2d00000, 0x00000000e2e00000| Untracked 
|  46|0x00000000e2e00000, 0x00000000e2f00000, 0x00000000e2f00000|100%| O|  |TAMS 0x00000000e2e00000, 0x00000000e2f00000| Untracked 
|  47|0x00000000e2f00000, 0x00000000e3000000, 0x00000000e3000000|100%| O|  |TAMS 0x00000000e2f00000, 0x00000000e3000000| Untracked 
|  48|0x00000000e3000000, 0x00000000e3100000, 0x00000000e3100000|100%| O|  |TAMS 0x00000000e3000000, 0x00000000e3100000| Untracked 
|  49|0x00000000e3100000, 0x00000000e3200000, 0x00000000e3200000|100%| O|  |TAMS 0x00000000e3100000, 0x00000000e3200000| Untracked 
|  50|0x00000000e3200000, 0x00000000e3300000, 0x00000000e3300000|100%| O|  |TAMS 0x00000000e3200000, 0x00000000e3300000| Untracked 
|  51|0x00000000e3300000, 0x00000000e3400000, 0x00000000e3400000|100%| O|  |TAMS 0x00000000e3300000, 0x00000000e3400000| Untracked 
|  52|0x00000000e3400000, 0x00000000e3500000, 0x00000000e3500000|100%| O|  |TAMS 0x00000000e3400000, 0x00000000e3500000| Untracked 
|  53|0x00000000e3500000, 0x00000000e3600000, 0x00000000e3600000|100%| O|  |TAMS 0x00000000e3500000, 0x00000000e3600000| Untracked 
|  54|0x00000000e3600000, 0x00000000e3700000, 0x00000000e3700000|100%| O|  |TAMS 0x00000000e3600000, 0x00000000e3700000| Untracked 
|  55|0x00000000e3700000, 0x00000000e3800000, 0x00000000e3800000|100%| O|  |TAMS 0x00000000e3700000, 0x00000000e3800000| Untracked 
|  56|0x00000000e3800000, 0x00000000e3900000, 0x00000000e3900000|100%| O|  |TAMS 0x00000000e3800000, 0x00000000e3900000| Untracked 
|  57|0x00000000e3900000, 0x00000000e3a00000, 0x00000000e3a00000|100%| O|  |TAMS 0x00000000e3900000, 0x00000000e3a00000| Untracked 
|  58|0x00000000e3a00000, 0x00000000e3b00000, 0x00000000e3b00000|100%| O|  |TAMS 0x00000000e3a00000, 0x00000000e3b00000| Untracked 
|  59|0x00000000e3b00000, 0x00000000e3c00000, 0x00000000e3c00000|100%| O|  |TAMS 0x00000000e3b00000, 0x00000000e3c00000| Untracked 
|  60|0x00000000e3c00000, 0x00000000e3d00000, 0x00000000e3d00000|100%|HS|  |TAMS 0x00000000e3c00000, 0x00000000e3d00000| Complete 
|  61|0x00000000e3d00000, 0x00000000e3e00000, 0x00000000e3e00000|100%| O|  |TAMS 0x00000000e3d00000, 0x00000000e3e00000| Untracked 
|  62|0x00000000e3e00000, 0x00000000e3f00000, 0x00000000e3f00000|100%| O|  |TAMS 0x00000000e3e00000, 0x00000000e3f00000| Untracked 
|  63|0x00000000e3f00000, 0x00000000e4000000, 0x00000000e4000000|100%| O|  |TAMS 0x00000000e3f00000, 0x00000000e4000000| Untracked 
|  64|0x00000000e4000000, 0x00000000e4100000, 0x00000000e4100000|100%| O|  |TAMS 0x00000000e4000000, 0x00000000e4100000| Untracked 
|  65|0x00000000e4100000, 0x00000000e4200000, 0x00000000e4200000|100%| O|  |TAMS 0x00000000e4100000, 0x00000000e4200000| Untracked 
|  66|0x00000000e4200000, 0x00000000e4300000, 0x00000000e4300000|100%| O|  |TAMS 0x00000000e4200000, 0x00000000e4300000| Untracked 
|  67|0x00000000e4300000, 0x00000000e4400000, 0x00000000e4400000|100%| O|  |TAMS 0x00000000e4300000, 0x00000000e4400000| Untracked 
|  68|0x00000000e4400000, 0x00000000e4500000, 0x00000000e4500000|100%| O|  |TAMS 0x00000000e4400000, 0x00000000e4500000| Untracked 
|  69|0x00000000e4500000, 0x00000000e4600000, 0x00000000e4600000|100%| O|  |TAMS 0x00000000e4500000, 0x00000000e4600000| Untracked 
|  70|0x00000000e4600000, 0x00000000e4700000, 0x00000000e4700000|100%| O|  |TAMS 0x00000000e4600000, 0x00000000e4700000| Untracked 
|  71|0x00000000e4700000, 0x00000000e4800000, 0x00000000e4800000|100%| O|  |TAMS 0x00000000e4700000, 0x00000000e4800000| Untracked 
|  72|0x00000000e4800000, 0x00000000e4900000, 0x00000000e4900000|100%| O|  |TAMS 0x00000000e4800000, 0x00000000e4900000| Untracked 
|  73|0x00000000e4900000, 0x00000000e4a00000, 0x00000000e4a00000|100%| O|  |TAMS 0x00000000e4900000, 0x00000000e4a00000| Untracked 
|  74|0x00000000e4a00000, 0x00000000e4b00000, 0x00000000e4b00000|100%| O|  |TAMS 0x00000000e4a00000, 0x00000000e4b00000| Untracked 
|  75|0x00000000e4b00000, 0x00000000e4c00000, 0x00000000e4c00000|100%| O|  |TAMS 0x00000000e4b00000, 0x00000000e4c00000| Untracked 
|  76|0x00000000e4c00000, 0x00000000e4d00000, 0x00000000e4d00000|100%| O|  |TAMS 0x00000000e4c00000, 0x00000000e4d00000| Untracked 
|  77|0x00000000e4d00000, 0x00000000e4e00000, 0x00000000e4e00000|100%| O|  |TAMS 0x00000000e4d00000, 0x00000000e4e00000| Untracked 
|  78|0x00000000e4e00000, 0x00000000e4f00000, 0x00000000e4f00000|100%| O|  |TAMS 0x00000000e4e00000, 0x00000000e4f00000| Untracked 
|  79|0x00000000e4f00000, 0x00000000e5000000, 0x00000000e5000000|100%| O|  |TAMS 0x00000000e4f00000, 0x00000000e5000000| Untracked 
|  80|0x00000000e5000000, 0x00000000e5100000, 0x00000000e5100000|100%| O|  |TAMS 0x00000000e5000000, 0x00000000e5100000| Untracked 
|  81|0x00000000e5100000, 0x00000000e5200000, 0x00000000e5200000|100%| O|  |TAMS 0x00000000e5100000, 0x00000000e5200000| Untracked 
|  82|0x00000000e5200000, 0x00000000e5300000, 0x00000000e5300000|100%| O|  |TAMS 0x00000000e5200000, 0x00000000e5300000| Untracked 
|  83|0x00000000e5300000, 0x00000000e5400000, 0x00000000e5400000|100%| O|  |TAMS 0x00000000e5300000, 0x00000000e5400000| Untracked 
|  84|0x00000000e5400000, 0x00000000e5500000, 0x00000000e5500000|100%| O|  |TAMS 0x00000000e5400000, 0x00000000e5500000| Untracked 
|  85|0x00000000e5500000, 0x00000000e5600000, 0x00000000e5600000|100%| O|  |TAMS 0x00000000e5500000, 0x00000000e5600000| Untracked 
|  86|0x00000000e5600000, 0x00000000e5700000, 0x00000000e5700000|100%| O|  |TAMS 0x00000000e5600000, 0x00000000e5700000| Untracked 
|  87|0x00000000e5700000, 0x00000000e5800000, 0x00000000e5800000|100%| O|  |TAMS 0x00000000e5700000, 0x00000000e5800000| Untracked 
|  88|0x00000000e5800000, 0x00000000e5900000, 0x00000000e5900000|100%| O|  |TAMS 0x00000000e5800000, 0x00000000e5900000| Untracked 
|  89|0x00000000e5900000, 0x00000000e5a00000, 0x00000000e5a00000|100%| O|  |TAMS 0x00000000e5900000, 0x00000000e5a00000| Untracked 
|  90|0x00000000e5a00000, 0x00000000e5b00000, 0x00000000e5b00000|100%| O|  |TAMS 0x00000000e5a00000, 0x00000000e5b00000| Untracked 
|  91|0x00000000e5b00000, 0x00000000e5c00000, 0x00000000e5c00000|100%| O|  |TAMS 0x00000000e5b00000, 0x00000000e5c00000| Untracked 
|  92|0x00000000e5c00000, 0x00000000e5d00000, 0x00000000e5d00000|100%| O|  |TAMS 0x00000000e5c00000, 0x00000000e5d00000| Untracked 
|  93|0x00000000e5d00000, 0x00000000e5e00000, 0x00000000e5e00000|100%| O|  |TAMS 0x00000000e5d00000, 0x00000000e5e00000| Untracked 
|  94|0x00000000e5e00000, 0x00000000e5f00000, 0x00000000e5f00000|100%| O|  |TAMS 0x00000000e5e00000, 0x00000000e5f00000| Untracked 
|  95|0x00000000e5f00000, 0x00000000e6000000, 0x00000000e6000000|100%| O|  |TAMS 0x00000000e5f00000, 0x00000000e6000000| Untracked 
|  96|0x00000000e6000000, 0x00000000e6100000, 0x00000000e6100000|100%| O|  |TAMS 0x00000000e6000000, 0x00000000e6100000| Untracked 
|  97|0x00000000e6100000, 0x00000000e6200000, 0x00000000e6200000|100%| O|  |TAMS 0x00000000e6100000, 0x00000000e6200000| Untracked 
|  98|0x00000000e6200000, 0x00000000e6300000, 0x00000000e6300000|100%| O|  |TAMS 0x00000000e6200000, 0x00000000e6300000| Untracked 
|  99|0x00000000e6300000, 0x00000000e6400000, 0x00000000e6400000|100%| O|  |TAMS 0x00000000e6300000, 0x00000000e6400000| Untracked 
| 100|0x00000000e6400000, 0x00000000e6500000, 0x00000000e6500000|100%| O|  |TAMS 0x00000000e6400000, 0x00000000e6500000| Untracked 
| 101|0x00000000e6500000, 0x00000000e6600000, 0x00000000e6600000|100%| O|  |TAMS 0x00000000e6500000, 0x00000000e6600000| Untracked 
| 102|0x00000000e6600000, 0x00000000e6700000, 0x00000000e6700000|100%| O|  |TAMS 0x00000000e6600000, 0x00000000e6700000| Untracked 
| 103|0x00000000e6700000, 0x00000000e6800000, 0x00000000e6800000|100%| O|  |TAMS 0x00000000e6700000, 0x00000000e6800000| Untracked 
| 104|0x00000000e6800000, 0x00000000e6900000, 0x00000000e6900000|100%| O|  |TAMS 0x00000000e6800000, 0x00000000e6900000| Untracked 
| 105|0x00000000e6900000, 0x00000000e6a00000, 0x00000000e6a00000|100%|HS|  |TAMS 0x00000000e6900000, 0x00000000e6a00000| Complete 
| 106|0x00000000e6a00000, 0x00000000e6b00000, 0x00000000e6b00000|100%| O|  |TAMS 0x00000000e6a00000, 0x00000000e6b00000| Untracked 
| 107|0x00000000e6b00000, 0x00000000e6c00000, 0x00000000e6c00000|100%| O|  |TAMS 0x00000000e6b00000, 0x00000000e6c00000| Untracked 
| 108|0x00000000e6c00000, 0x00000000e6d00000, 0x00000000e6d00000|100%| O|  |TAMS 0x00000000e6c00000, 0x00000000e6d00000| Untracked 
| 109|0x00000000e6d00000, 0x00000000e6e00000, 0x00000000e6e00000|100%| O|  |TAMS 0x00000000e6d00000, 0x00000000e6e00000| Untracked 
| 110|0x00000000e6e00000, 0x00000000e6f00000, 0x00000000e6f00000|100%| O|  |TAMS 0x00000000e6e00000, 0x00000000e6f00000| Untracked 
| 111|0x00000000e6f00000, 0x00000000e7000000, 0x00000000e7000000|100%| O|  |TAMS 0x00000000e6f00000, 0x00000000e7000000| Untracked 
| 112|0x00000000e7000000, 0x00000000e7100000, 0x00000000e7100000|100%| O|  |TAMS 0x00000000e7000000, 0x00000000e7100000| Untracked 
| 113|0x00000000e7100000, 0x00000000e7200000, 0x00000000e7200000|100%| O|  |TAMS 0x00000000e7100000, 0x00000000e7200000| Untracked 
| 114|0x00000000e7200000, 0x00000000e7300000, 0x00000000e7300000|100%| O|  |TAMS 0x00000000e7200000, 0x00000000e7300000| Untracked 
| 115|0x00000000e7300000, 0x00000000e73e2600, 0x00000000e7400000| 88%| O|  |TAMS 0x00000000e7300000, 0x00000000e73e2600| Untracked 
| 116|0x00000000e7400000, 0x00000000e7400000, 0x00000000e7500000|  0%| F|  |TAMS 0x00000000e7400000, 0x00000000e7400000| Untracked 
| 117|0x00000000e7500000, 0x00000000e7500000, 0x00000000e7600000|  0%| F|  |TAMS 0x00000000e7500000, 0x00000000e7500000| Untracked 
| 118|0x00000000e7600000, 0x00000000e7600000, 0x00000000e7700000|  0%| F|  |TAMS 0x00000000e7600000, 0x00000000e7600000| Untracked 
| 119|0x00000000e7700000, 0x00000000e7700000, 0x00000000e7800000|  0%| F|  |TAMS 0x00000000e7700000, 0x00000000e7700000| Untracked 
| 120|0x00000000e7800000, 0x00000000e7800000, 0x00000000e7900000|  0%| F|  |TAMS 0x00000000e7800000, 0x00000000e7800000| Untracked 
| 121|0x00000000e7900000, 0x00000000e7900000, 0x00000000e7a00000|  0%| F|  |TAMS 0x00000000e7900000, 0x00000000e7900000| Untracked 
| 122|0x00000000e7a00000, 0x00000000e7a00000, 0x00000000e7b00000|  0%| F|  |TAMS 0x00000000e7a00000, 0x00000000e7a00000| Untracked 
| 123|0x00000000e7b00000, 0x00000000e7b00000, 0x00000000e7c00000|  0%| F|  |TAMS 0x00000000e7b00000, 0x00000000e7b00000| Untracked 
| 124|0x00000000e7c00000, 0x00000000e7c00000, 0x00000000e7d00000|  0%| F|  |TAMS 0x00000000e7c00000, 0x00000000e7c00000| Untracked 
| 125|0x00000000e7d00000, 0x00000000e7d00000, 0x00000000e7e00000|  0%| F|  |TAMS 0x00000000e7d00000, 0x00000000e7d00000| Untracked 
| 126|0x00000000e7e00000, 0x00000000e7e00000, 0x00000000e7f00000|  0%| F|  |TAMS 0x00000000e7e00000, 0x00000000e7e00000| Untracked 
| 127|0x00000000e7f00000, 0x00000000e7f00000, 0x00000000e8000000|  0%| F|  |TAMS 0x00000000e7f00000, 0x00000000e7f00000| Untracked 
| 128|0x00000000e8000000, 0x00000000e8000000, 0x00000000e8100000|  0%| F|  |TAMS 0x00000000e8000000, 0x00000000e8000000| Untracked 
| 129|0x00000000e8100000, 0x00000000e8100000, 0x00000000e8200000|  0%| F|  |TAMS 0x00000000e8100000, 0x00000000e8100000| Untracked 
| 130|0x00000000e8200000, 0x00000000e8200000, 0x00000000e8300000|  0%| F|  |TAMS 0x00000000e8200000, 0x00000000e8200000| Untracked 
| 131|0x00000000e8300000, 0x00000000e8300000, 0x00000000e8400000|  0%| F|  |TAMS 0x00000000e8300000, 0x00000000e8300000| Untracked 
| 132|0x00000000e8400000, 0x00000000e8400000, 0x00000000e8500000|  0%| F|  |TAMS 0x00000000e8400000, 0x00000000e8400000| Untracked 
| 133|0x00000000e8500000, 0x00000000e8500000, 0x00000000e8600000|  0%| F|  |TAMS 0x00000000e8500000, 0x00000000e8500000| Untracked 
| 134|0x00000000e8600000, 0x00000000e8600000, 0x00000000e8700000|  0%| F|  |TAMS 0x00000000e8600000, 0x00000000e8600000| Untracked 
| 135|0x00000000e8700000, 0x00000000e8700000, 0x00000000e8800000|  0%| F|  |TAMS 0x00000000e8700000, 0x00000000e8700000| Untracked 
| 136|0x00000000e8800000, 0x00000000e8800000, 0x00000000e8900000|  0%| F|  |TAMS 0x00000000e8800000, 0x00000000e8800000| Untracked 
| 137|0x00000000e8900000, 0x00000000e8900000, 0x00000000e8a00000|  0%| F|  |TAMS 0x00000000e8900000, 0x00000000e8900000| Untracked 
| 138|0x00000000e8a00000, 0x00000000e8a00000, 0x00000000e8b00000|  0%| F|  |TAMS 0x00000000e8a00000, 0x00000000e8a00000| Untracked 
| 139|0x00000000e8b00000, 0x00000000e8b00000, 0x00000000e8c00000|  0%| F|  |TAMS 0x00000000e8b00000, 0x00000000e8b00000| Untracked 
| 140|0x00000000e8c00000, 0x00000000e8c00000, 0x00000000e8d00000|  0%| F|  |TAMS 0x00000000e8c00000, 0x00000000e8c00000| Untracked 
| 141|0x00000000e8d00000, 0x00000000e8d00000, 0x00000000e8e00000|  0%| F|  |TAMS 0x00000000e8d00000, 0x00000000e8d00000| Untracked 
| 142|0x00000000e8e00000, 0x00000000e8e00000, 0x00000000e8f00000|  0%| F|  |TAMS 0x00000000e8e00000, 0x00000000e8e00000| Untracked 
| 143|0x00000000e8f00000, 0x00000000e8f00000, 0x00000000e9000000|  0%| F|  |TAMS 0x00000000e8f00000, 0x00000000e8f00000| Untracked 
| 144|0x00000000e9000000, 0x00000000e9000000, 0x00000000e9100000|  0%| F|  |TAMS 0x00000000e9000000, 0x00000000e9000000| Untracked 
| 145|0x00000000e9100000, 0x00000000e9100000, 0x00000000e9200000|  0%| F|  |TAMS 0x00000000e9100000, 0x00000000e9100000| Untracked 
| 146|0x00000000e9200000, 0x00000000e9200000, 0x00000000e9300000|  0%| F|  |TAMS 0x00000000e9200000, 0x00000000e9200000| Untracked 
| 147|0x00000000e9300000, 0x00000000e9300000, 0x00000000e9400000|  0%| F|  |TAMS 0x00000000e9300000, 0x00000000e9300000| Untracked 
| 148|0x00000000e9400000, 0x00000000e9400000, 0x00000000e9500000|  0%| F|  |TAMS 0x00000000e9400000, 0x00000000e9400000| Untracked 
| 149|0x00000000e9500000, 0x00000000e9500000, 0x00000000e9600000|  0%| F|  |TAMS 0x00000000e9500000, 0x00000000e9500000| Untracked 
| 150|0x00000000e9600000, 0x00000000e9600000, 0x00000000e9700000|  0%| F|  |TAMS 0x00000000e9600000, 0x00000000e9600000| Untracked 
| 151|0x00000000e9700000, 0x00000000e9700000, 0x00000000e9800000|  0%| F|  |TAMS 0x00000000e9700000, 0x00000000e9700000| Untracked 
| 152|0x00000000e9800000, 0x00000000e9800000, 0x00000000e9900000|  0%| F|  |TAMS 0x00000000e9800000, 0x00000000e9800000| Untracked 
| 153|0x00000000e9900000, 0x00000000e9975390, 0x00000000e9a00000| 45%| S|CS|TAMS 0x00000000e9900000, 0x00000000e9900000| Complete 
| 154|0x00000000e9a00000, 0x00000000e9b00000, 0x00000000e9b00000|100%| S|CS|TAMS 0x00000000e9a00000, 0x00000000e9a00000| Complete 
| 155|0x00000000e9b00000, 0x00000000e9c00000, 0x00000000e9c00000|100%| S|CS|TAMS 0x00000000e9b00000, 0x00000000e9b00000| Complete 
| 156|0x00000000e9c00000, 0x00000000e9d00000, 0x00000000e9d00000|100%| S|CS|TAMS 0x00000000e9c00000, 0x00000000e9c00000| Complete 
| 157|0x00000000e9d00000, 0x00000000e9e00000, 0x00000000e9e00000|100%| S|CS|TAMS 0x00000000e9d00000, 0x00000000e9d00000| Complete 
| 158|0x00000000e9e00000, 0x00000000e9f00000, 0x00000000e9f00000|100%| S|CS|TAMS 0x00000000e9e00000, 0x00000000e9e00000| Complete 
| 159|0x00000000e9f00000, 0x00000000ea000000, 0x00000000ea000000|100%| S|CS|TAMS 0x00000000e9f00000, 0x00000000e9f00000| Complete 
| 160|0x00000000ea000000, 0x00000000ea100000, 0x00000000ea100000|100%| S|CS|TAMS 0x00000000ea000000, 0x00000000ea000000| Complete 
| 161|0x00000000ea100000, 0x00000000ea200000, 0x00000000ea200000|100%| S|CS|TAMS 0x00000000ea100000, 0x00000000ea100000| Complete 
| 162|0x00000000ea200000, 0x00000000ea200000, 0x00000000ea300000|  0%| F|  |TAMS 0x00000000ea200000, 0x00000000ea200000| Untracked 
| 163|0x00000000ea300000, 0x00000000ea300000, 0x00000000ea400000|  0%| F|  |TAMS 0x00000000ea300000, 0x00000000ea300000| Untracked 
| 164|0x00000000ea400000, 0x00000000ea400000, 0x00000000ea500000|  0%| F|  |TAMS 0x00000000ea400000, 0x00000000ea400000| Untracked 
| 165|0x00000000ea500000, 0x00000000ea500000, 0x00000000ea600000|  0%| F|  |TAMS 0x00000000ea500000, 0x00000000ea500000| Untracked 
| 166|0x00000000ea600000, 0x00000000ea600000, 0x00000000ea700000|  0%| F|  |TAMS 0x00000000ea600000, 0x00000000ea600000| Untracked 
| 167|0x00000000ea700000, 0x00000000ea700000, 0x00000000ea800000|  0%| F|  |TAMS 0x00000000ea700000, 0x00000000ea700000| Untracked 
| 168|0x00000000ea800000, 0x00000000ea800000, 0x00000000ea900000|  0%| F|  |TAMS 0x00000000ea800000, 0x00000000ea800000| Untracked 
| 169|0x00000000ea900000, 0x00000000ea900000, 0x00000000eaa00000|  0%| F|  |TAMS 0x00000000ea900000, 0x00000000ea900000| Untracked 
| 170|0x00000000eaa00000, 0x00000000eaa00000, 0x00000000eab00000|  0%| F|  |TAMS 0x00000000eaa00000, 0x00000000eaa00000| Untracked 
| 171|0x00000000eab00000, 0x00000000eab00000, 0x00000000eac00000|  0%| F|  |TAMS 0x00000000eab00000, 0x00000000eab00000| Untracked 
| 172|0x00000000eac00000, 0x00000000eac00000, 0x00000000ead00000|  0%| F|  |TAMS 0x00000000eac00000, 0x00000000eac00000| Untracked 
| 173|0x00000000ead00000, 0x00000000ead00000, 0x00000000eae00000|  0%| F|  |TAMS 0x00000000ead00000, 0x00000000ead00000| Untracked 
| 174|0x00000000eae00000, 0x00000000eae00000, 0x00000000eaf00000|  0%| F|  |TAMS 0x00000000eae00000, 0x00000000eae00000| Untracked 
| 175|0x00000000eaf00000, 0x00000000eaf00000, 0x00000000eb000000|  0%| F|  |TAMS 0x00000000eaf00000, 0x00000000eaf00000| Untracked 
| 176|0x00000000eb000000, 0x00000000eb000000, 0x00000000eb100000|  0%| F|  |TAMS 0x00000000eb000000, 0x00000000eb000000| Untracked 
| 177|0x00000000eb100000, 0x00000000eb100000, 0x00000000eb200000|  0%| F|  |TAMS 0x00000000eb100000, 0x00000000eb100000| Untracked 
| 178|0x00000000eb200000, 0x00000000eb200000, 0x00000000eb300000|  0%| F|  |TAMS 0x00000000eb200000, 0x00000000eb200000| Untracked 
| 179|0x00000000eb300000, 0x00000000eb300000, 0x00000000eb400000|  0%| F|  |TAMS 0x00000000eb300000, 0x00000000eb300000| Untracked 
| 180|0x00000000eb400000, 0x00000000eb400000, 0x00000000eb500000|  0%| F|  |TAMS 0x00000000eb400000, 0x00000000eb400000| Untracked 
| 181|0x00000000eb500000, 0x00000000eb500000, 0x00000000eb600000|  0%| F|  |TAMS 0x00000000eb500000, 0x00000000eb500000| Untracked 
| 182|0x00000000eb600000, 0x00000000eb600000, 0x00000000eb700000|  0%| F|  |TAMS 0x00000000eb600000, 0x00000000eb600000| Untracked 
| 183|0x00000000eb700000, 0x00000000eb700000, 0x00000000eb800000|  0%| F|  |TAMS 0x00000000eb700000, 0x00000000eb700000| Untracked 
| 184|0x00000000eb800000, 0x00000000eb800000, 0x00000000eb900000|  0%| F|  |TAMS 0x00000000eb800000, 0x00000000eb800000| Untracked 
| 185|0x00000000eb900000, 0x00000000eb900000, 0x00000000eba00000|  0%| F|  |TAMS 0x00000000eb900000, 0x00000000eb900000| Untracked 
| 186|0x00000000eba00000, 0x00000000eba00000, 0x00000000ebb00000|  0%| F|  |TAMS 0x00000000eba00000, 0x00000000eba00000| Untracked 
| 187|0x00000000ebb00000, 0x00000000ebb00000, 0x00000000ebc00000|  0%| F|  |TAMS 0x00000000ebb00000, 0x00000000ebb00000| Untracked 
| 188|0x00000000ebc00000, 0x00000000ebc00000, 0x00000000ebd00000|  0%| F|  |TAMS 0x00000000ebc00000, 0x00000000ebc00000| Untracked 
| 189|0x00000000ebd00000, 0x00000000ebd00000, 0x00000000ebe00000|  0%| F|  |TAMS 0x00000000ebd00000, 0x00000000ebd00000| Untracked 
| 190|0x00000000ebe00000, 0x00000000ebe00000, 0x00000000ebf00000|  0%| F|  |TAMS 0x00000000ebe00000, 0x00000000ebe00000| Untracked 
| 191|0x00000000ebf00000, 0x00000000ebf00000, 0x00000000ec000000|  0%| F|  |TAMS 0x00000000ebf00000, 0x00000000ebf00000| Untracked 
| 192|0x00000000ec000000, 0x00000000ec00dee8, 0x00000000ec100000|  5%| E|  |TAMS 0x00000000ec000000, 0x00000000ec000000| Complete 
| 193|0x00000000ec100000, 0x00000000ec200000, 0x00000000ec200000|100%| E|CS|TAMS 0x00000000ec100000, 0x00000000ec100000| Complete 
| 194|0x00000000ec200000, 0x00000000ec300000, 0x00000000ec300000|100%| E|CS|TAMS 0x00000000ec200000, 0x00000000ec200000| Complete 
| 195|0x00000000ec300000, 0x00000000ec400000, 0x00000000ec400000|100%| E|CS|TAMS 0x00000000ec300000, 0x00000000ec300000| Complete 
| 196|0x00000000ec400000, 0x00000000ec500000, 0x00000000ec500000|100%| E|CS|TAMS 0x00000000ec400000, 0x00000000ec400000| Complete 
| 197|0x00000000ec500000, 0x00000000ec600000, 0x00000000ec600000|100%| E|CS|TAMS 0x00000000ec500000, 0x00000000ec500000| Complete 
| 198|0x00000000ec600000, 0x00000000ec700000, 0x00000000ec700000|100%| E|CS|TAMS 0x00000000ec600000, 0x00000000ec600000| Complete 
| 199|0x00000000ec700000, 0x00000000ec800000, 0x00000000ec800000|100%| E|CS|TAMS 0x00000000ec700000, 0x00000000ec700000| Complete 
| 200|0x00000000ec800000, 0x00000000ec900000, 0x00000000ec900000|100%| E|CS|TAMS 0x00000000ec800000, 0x00000000ec800000| Complete 
| 201|0x00000000ec900000, 0x00000000eca00000, 0x00000000eca00000|100%| E|CS|TAMS 0x00000000ec900000, 0x00000000ec900000| Complete 
| 202|0x00000000eca00000, 0x00000000ecb00000, 0x00000000ecb00000|100%| E|CS|TAMS 0x00000000eca00000, 0x00000000eca00000| Complete 
| 203|0x00000000ecb00000, 0x00000000ecc00000, 0x00000000ecc00000|100%| E|CS|TAMS 0x00000000ecb00000, 0x00000000ecb00000| Complete 
| 204|0x00000000ecc00000, 0x00000000ecd00000, 0x00000000ecd00000|100%| E|CS|TAMS 0x00000000ecc00000, 0x00000000ecc00000| Complete 
| 205|0x00000000ecd00000, 0x00000000ece00000, 0x00000000ece00000|100%| E|CS|TAMS 0x00000000ecd00000, 0x00000000ecd00000| Complete 
| 206|0x00000000ece00000, 0x00000000ecf00000, 0x00000000ecf00000|100%| E|CS|TAMS 0x00000000ece00000, 0x00000000ece00000| Complete 
| 207|0x00000000ecf00000, 0x00000000ed000000, 0x00000000ed000000|100%| E|CS|TAMS 0x00000000ecf00000, 0x00000000ecf00000| Complete 
| 208|0x00000000ed000000, 0x00000000ed100000, 0x00000000ed100000|100%| E|CS|TAMS 0x00000000ed000000, 0x00000000ed000000| Complete 
| 209|0x00000000ed100000, 0x00000000ed200000, 0x00000000ed200000|100%| E|CS|TAMS 0x00000000ed100000, 0x00000000ed100000| Complete 
| 210|0x00000000ed200000, 0x00000000ed300000, 0x00000000ed300000|100%| E|CS|TAMS 0x00000000ed200000, 0x00000000ed200000| Complete 
| 211|0x00000000ed300000, 0x00000000ed400000, 0x00000000ed400000|100%| E|CS|TAMS 0x00000000ed300000, 0x00000000ed300000| Complete 
| 212|0x00000000ed400000, 0x00000000ed500000, 0x00000000ed500000|100%| E|CS|TAMS 0x00000000ed400000, 0x00000000ed400000| Complete 
| 213|0x00000000ed500000, 0x00000000ed600000, 0x00000000ed600000|100%| E|CS|TAMS 0x00000000ed500000, 0x00000000ed500000| Complete 
| 214|0x00000000ed600000, 0x00000000ed700000, 0x00000000ed700000|100%| E|CS|TAMS 0x00000000ed600000, 0x00000000ed600000| Complete 
| 215|0x00000000ed700000, 0x00000000ed800000, 0x00000000ed800000|100%| E|CS|TAMS 0x00000000ed700000, 0x00000000ed700000| Complete 
| 216|0x00000000ed800000, 0x00000000ed900000, 0x00000000ed900000|100%| E|CS|TAMS 0x00000000ed800000, 0x00000000ed800000| Complete 
| 217|0x00000000ed900000, 0x00000000eda00000, 0x00000000eda00000|100%| E|CS|TAMS 0x00000000ed900000, 0x00000000ed900000| Complete 
| 218|0x00000000eda00000, 0x00000000edb00000, 0x00000000edb00000|100%| E|CS|TAMS 0x00000000eda00000, 0x00000000eda00000| Complete 
| 219|0x00000000edb00000, 0x00000000edc00000, 0x00000000edc00000|100%| E|CS|TAMS 0x00000000edb00000, 0x00000000edb00000| Complete 
| 220|0x00000000edc00000, 0x00000000edd00000, 0x00000000edd00000|100%| E|CS|TAMS 0x00000000edc00000, 0x00000000edc00000| Complete 
| 221|0x00000000edd00000, 0x00000000ede00000, 0x00000000ede00000|100%| E|CS|TAMS 0x00000000edd00000, 0x00000000edd00000| Complete 
| 222|0x00000000ede00000, 0x00000000edf00000, 0x00000000edf00000|100%| E|CS|TAMS 0x00000000ede00000, 0x00000000ede00000| Complete 
| 223|0x00000000edf00000, 0x00000000ee000000, 0x00000000ee000000|100%| E|CS|TAMS 0x00000000edf00000, 0x00000000edf00000| Complete 
| 224|0x00000000ee000000, 0x00000000ee100000, 0x00000000ee100000|100%| E|CS|TAMS 0x00000000ee000000, 0x00000000ee000000| Complete 
| 225|0x00000000ee100000, 0x00000000ee200000, 0x00000000ee200000|100%| E|CS|TAMS 0x00000000ee100000, 0x00000000ee100000| Complete 
| 226|0x00000000ee200000, 0x00000000ee300000, 0x00000000ee300000|100%| E|CS|TAMS 0x00000000ee200000, 0x00000000ee200000| Complete 
| 227|0x00000000ee300000, 0x00000000ee400000, 0x00000000ee400000|100%| E|CS|TAMS 0x00000000ee300000, 0x00000000ee300000| Complete 
| 228|0x00000000ee400000, 0x00000000ee500000, 0x00000000ee500000|100%| E|CS|TAMS 0x00000000ee400000, 0x00000000ee400000| Complete 
| 229|0x00000000ee500000, 0x00000000ee600000, 0x00000000ee600000|100%| E|CS|TAMS 0x00000000ee500000, 0x00000000ee500000| Complete 
| 230|0x00000000ee600000, 0x00000000ee700000, 0x00000000ee700000|100%| E|CS|TAMS 0x00000000ee600000, 0x00000000ee600000| Complete 
| 231|0x00000000ee700000, 0x00000000ee800000, 0x00000000ee800000|100%| E|CS|TAMS 0x00000000ee700000, 0x00000000ee700000| Complete 
| 232|0x00000000ee800000, 0x00000000ee900000, 0x00000000ee900000|100%| E|CS|TAMS 0x00000000ee800000, 0x00000000ee800000| Complete 
| 233|0x00000000ee900000, 0x00000000eea00000, 0x00000000eea00000|100%| E|CS|TAMS 0x00000000ee900000, 0x00000000ee900000| Complete 
| 234|0x00000000eea00000, 0x00000000eeb00000, 0x00000000eeb00000|100%| E|CS|TAMS 0x00000000eea00000, 0x00000000eea00000| Complete 
| 235|0x00000000eeb00000, 0x00000000eec00000, 0x00000000eec00000|100%| E|CS|TAMS 0x00000000eeb00000, 0x00000000eeb00000| Complete 
| 236|0x00000000eec00000, 0x00000000eed00000, 0x00000000eed00000|100%| E|CS|TAMS 0x00000000eec00000, 0x00000000eec00000| Complete 
| 237|0x00000000eed00000, 0x00000000eee00000, 0x00000000eee00000|100%| E|CS|TAMS 0x00000000eed00000, 0x00000000eed00000| Complete 
| 238|0x00000000eee00000, 0x00000000eef00000, 0x00000000eef00000|100%| E|CS|TAMS 0x00000000eee00000, 0x00000000eee00000| Complete 
| 239|0x00000000eef00000, 0x00000000ef000000, 0x00000000ef000000|100%| E|CS|TAMS 0x00000000eef00000, 0x00000000eef00000| Complete 
| 240|0x00000000ef000000, 0x00000000ef100000, 0x00000000ef100000|100%| E|CS|TAMS 0x00000000ef000000, 0x00000000ef000000| Complete 
| 241|0x00000000ef100000, 0x00000000ef200000, 0x00000000ef200000|100%| E|CS|TAMS 0x00000000ef100000, 0x00000000ef100000| Complete 
| 242|0x00000000ef200000, 0x00000000ef300000, 0x00000000ef300000|100%| E|CS|TAMS 0x00000000ef200000, 0x00000000ef200000| Complete 
| 243|0x00000000ef300000, 0x00000000ef400000, 0x00000000ef400000|100%| E|CS|TAMS 0x00000000ef300000, 0x00000000ef300000| Complete 
| 244|0x00000000ef400000, 0x00000000ef500000, 0x00000000ef500000|100%| E|CS|TAMS 0x00000000ef400000, 0x00000000ef400000| Complete 
| 245|0x00000000ef500000, 0x00000000ef600000, 0x00000000ef600000|100%| E|CS|TAMS 0x00000000ef500000, 0x00000000ef500000| Complete 
| 246|0x00000000ef600000, 0x00000000ef700000, 0x00000000ef700000|100%| E|CS|TAMS 0x00000000ef600000, 0x00000000ef600000| Complete 
| 247|0x00000000ef700000, 0x00000000ef800000, 0x00000000ef800000|100%| E|CS|TAMS 0x00000000ef700000, 0x00000000ef700000| Complete 
| 248|0x00000000ef800000, 0x00000000ef900000, 0x00000000ef900000|100%| E|CS|TAMS 0x00000000ef800000, 0x00000000ef800000| Complete 
| 249|0x00000000ef900000, 0x00000000efa00000, 0x00000000efa00000|100%| E|CS|TAMS 0x00000000ef900000, 0x00000000ef900000| Complete 
| 250|0x00000000efa00000, 0x00000000efb00000, 0x00000000efb00000|100%| E|CS|TAMS 0x00000000efa00000, 0x00000000efa00000| Complete 
| 251|0x00000000efb00000, 0x00000000efc00000, 0x00000000efc00000|100%| E|CS|TAMS 0x00000000efb00000, 0x00000000efb00000| Complete 
| 252|0x00000000efc00000, 0x00000000efd00000, 0x00000000efd00000|100%| E|CS|TAMS 0x00000000efc00000, 0x00000000efc00000| Complete 
| 253|0x00000000efd00000, 0x00000000efe00000, 0x00000000efe00000|100%| E|CS|TAMS 0x00000000efd00000, 0x00000000efd00000| Complete 
| 254|0x00000000efe00000, 0x00000000eff00000, 0x00000000eff00000|100%| E|CS|TAMS 0x00000000efe00000, 0x00000000efe00000| Complete 
| 255|0x00000000eff00000, 0x00000000f0000000, 0x00000000f0000000|100%| E|CS|TAMS 0x00000000eff00000, 0x00000000eff00000| Complete 

Card table byte_map: [0x0000023f3a8c0000,0x0000023f3a9c0000] _byte_map_base: 0x0000023f3a1c0000

Marking Bits (Prev, Next): (CMBitMap*) 0x0000023f235c83d0, (CMBitMap*) 0x0000023f235c8398
 Prev Bits: [0x0000023f3b2c0000, 0x0000023f3bac0000)
 Next Bits: [0x0000023f3aac0000, 0x0000023f3b2c0000)

Polling page: 0x0000023f21450000

Metaspace:

Usage:
  Non-class:     68.93 MB capacity,    67.35 MB ( 98%) used,     1.37 MB (  2%) free+waste,   218.19 KB ( <1%) overhead. 
      Class:     10.21 MB capacity,     9.27 MB ( 91%) used,   861.94 KB (  8%) free+waste,    97.81 KB ( <1%) overhead. 
       Both:     79.14 MB capacity,    76.62 MB ( 97%) used,     2.21 MB (  3%) free+waste,   316.00 KB ( <1%) overhead. 

Virtual space:
  Non-class space:       70.00 MB reserved,      69.05 MB ( 99%) committed 
      Class space:      248.00 MB reserved,      10.32 MB (  4%) committed 
             Both:      318.00 MB reserved,      79.38 MB ( 25%) committed 

Chunk freelists:
   Non-Class:  0 bytes
       Class:  1.38 KB
        Both:  1.38 KB

CodeHeap 'non-profiled nmethods': size=120064Kb used=11657Kb max_used=11657Kb free=108406Kb
 bounds [0x0000023f33380000, 0x0000023f33ef0000, 0x0000023f3a8c0000]
CodeHeap 'profiled nmethods': size=120000Kb used=33289Kb max_used=33289Kb free=86710Kb
 bounds [0x0000023f2be50000, 0x0000023f2df00000, 0x0000023f33380000]
CodeHeap 'non-nmethods': size=5696Kb used=2270Kb max_used=2331Kb free=3425Kb
 bounds [0x0000023f2b8c0000, 0x0000023f2bb30000, 0x0000023f2be50000]
 total_blobs=22666 nmethods=14238 adapters=772
 compilation: enabled
              stopped_count=0, restarted_count=0
 full_count=0

Compilation events (10 events):
Event: 4668.085 Thread 0x0000023f3e958000 nmethod 17017 0x0000023f33ee3610 code [0x0000023f33ee37c0, 0x0000023f33ee38b8]
Event: 4668.086 Thread 0x0000023f3e955000 17018       4       org.gradle.api.internal.artifacts.ivyservice.resolveengine.excludes.simple.DefaultModuleIdExclude::equals (54 bytes)
Event: 4668.086 Thread 0x0000023f3e955000 nmethod 17018 0x0000023f33ee3990 code [0x0000023f33ee3b20, 0x0000023f33ee3bd8]
Event: 4668.086 Thread 0x0000023f3e955000 17020       4       org.gradle.api.internal.artifacts.ivyservice.resolveengine.result.StreamingResolutionResultBuilder::visitNode (44 bytes)
Event: 4668.089 Thread 0x0000023f3e958000 17023       2       org.gradle.api.internal.artifacts.ivyservice.resolveengine.artifact.DefaultArtifactSet::<init> (8 bytes)
Event: 4668.089 Thread 0x0000023f3e955000 nmethod 17020 0x0000023f33ee3c90 code [0x0000023f33ee3e60, 0x0000023f33ee40b8]
Event: 4668.090 Thread 0x0000023f3e955000 17021       4       org.gradle.api.internal.artifacts.ivyservice.resolveengine.result.StreamingResolutionResultBuilder$2::write (23 bytes)
Event: 4668.090 Thread 0x0000023f3e958000 nmethod 17023 0x0000023f2defd990 code [0x0000023f2defdb40, 0x0000023f2defddb8]
Event: 4668.090 Thread 0x0000023f3e958000 17024       2       org.gradle.api.internal.artifacts.ivyservice.resolveengine.artifact.DefaultArtifactSet::<init> (20 bytes)
Event: 4668.090 Thread 0x0000023f3e958000 nmethod 17024 0x0000023f2defde90 code [0x0000023f2defe040, 0x0000023f2defe2b8]

GC Heap History (10 events):
Event: 1928.592 GC heap before
{Heap before GC invocations=41 (full 0):
 garbage-first heap   total 262144K, used 217786K [0x00000000e0000000, 0x0000000100000000)
  region size 1024K, 118 young (120832K), 12 survivors (12288K)
 Metaspace       used 76645K, capacity 79056K, committed 79236K, reserved 323584K
  class space    used 9313K, capacity 10219K, committed 10316K, reserved 253952K
}
Event: 1928.651 GC heap after
{Heap after GC invocations=42 (full 0):
 garbage-first heap   total 262144K, used 114052K [0x00000000e0000000, 0x0000000100000000)
  region size 1024K, 10 young (10240K), 10 survivors (10240K)
 Metaspace       used 76645K, capacity 79056K, committed 79236K, reserved 323584K
  class space    used 9313K, capacity 10219K, committed 10316K, reserved 253952K
}
Event: 1929.922 GC heap before
{Heap before GC invocations=42 (full 0):
 garbage-first heap   total 262144K, used 215428K [0x00000000e0000000, 0x0000000100000000)
  region size 1024K, 109 young (111616K), 10 survivors (10240K)
 Metaspace       used 78188K, capacity 80673K, committed 80900K, reserved 325632K
  class space    used 9487K, capacity 10418K, committed 10444K, reserved 253952K
}
Event: 1929.933 GC heap after
{Heap after GC invocations=43 (full 0):
 garbage-first heap   total 262144K, used 118602K [0x00000000e0000000, 0x0000000100000000)
  region size 1024K, 11 young (11264K), 11 survivors (11264K)
 Metaspace       used 78188K, capacity 80673K, committed 80900K, reserved 325632K
  class space    used 9487K, capacity 10418K, committed 10444K, reserved 253952K
}
Event: 1930.723 GC heap before
{Heap before GC invocations=43 (full 0):
 garbage-first heap   total 262144K, used 215882K [0x00000000e0000000, 0x0000000100000000)
  region size 1024K, 106 young (108544K), 11 survivors (11264K)
 Metaspace       used 78306K, capacity 80844K, committed 81028K, reserved 325632K
  class space    used 9492K, capacity 10453K, committed 10572K, reserved 253952K
}
Event: 1930.742 GC heap after
{Heap after GC invocations=44 (full 0):
 garbage-first heap   total 262144K, used 123745K [0x00000000e0000000, 0x0000000100000000)
  region size 1024K, 14 young (14336K), 14 survivors (14336K)
 Metaspace       used 78306K, capacity 80844K, committed 81028K, reserved 325632K
  class space    used 9492K, capacity 10453K, committed 10572K, reserved 253952K
}
Event: 4666.944 GC heap before
{Heap before GC invocations=44 (full 0):
 garbage-first heap   total 262144K, used 209761K [0x00000000e0000000, 0x0000000100000000)
  region size 1024K, 98 young (100352K), 14 survivors (14336K)
 Metaspace       used 78447K, capacity 81039K, committed 81284K, reserved 325632K
  class space    used 9492K, capacity 10453K, committed 10572K, reserved 253952K
}
Event: 4667.005 GC heap after
{Heap after GC invocations=45 (full 0):
 garbage-first heap   total 262144K, used 122761K [0x00000000e0000000, 0x0000000100000000)
  region size 1024K, 4 young (4096K), 4 survivors (4096K)
 Metaspace       used 78447K, capacity 81039K, committed 81284K, reserved 325632K
  class space    used 9492K, capacity 10453K, committed 10572K, reserved 253952K
}
Event: 4667.717 GC heap before
{Heap before GC invocations=45 (full 0):
 garbage-first heap   total 262144K, used 213897K [0x00000000e0000000, 0x0000000100000000)
  region size 1024K, 94 young (96256K), 4 survivors (4096K)
 Metaspace       used 78453K, capacity 81042K, committed 81284K, reserved 325632K
  class space    used 9492K, capacity 10453K, committed 10572K, reserved 253952K
}
Event: 4667.760 GC heap after
{Heap after GC invocations=46 (full 0):
 garbage-first heap   total 262144K, used 127326K [0x00000000e0000000, 0x0000000100000000)
  region size 1024K, 9 young (9216K), 9 survivors (9216K)
 Metaspace       used 78453K, capacity 81042K, committed 81284K, reserved 325632K
  class space    used 9492K, capacity 10453K, committed 10572K, reserved 253952K
}

Deoptimization events (10 events):
Event: 1930.094 Thread 0x0000023f40e3e800 Uncommon trap: reason=unstable_if action=reinterpret pc=0x0000023f3382ae54 method=java.util.regex.Pattern.sequence(Ljava/util/regex/Pattern$Node;)Ljava/util/regex/Pattern$Node; @ 144 c2
Event: 1930.628 Thread 0x0000023f40e3e800 Uncommon trap: reason=class_check action=maybe_recompile pc=0x0000023f33dd44ec method=com.sun.tools.javac.jvm.ClassReader.setParameters(Lcom/sun/tools/javac/code/Symbol$MethodSymbol;Lcom/sun/tools/javac/code/Type;)V @ 233 c2
Event: 1930.628 Thread 0x0000023f40e3e800 Uncommon trap: reason=class_check action=maybe_recompile pc=0x0000023f33dd44ec method=com.sun.tools.javac.jvm.ClassReader.setParameters(Lcom/sun/tools/javac/code/Symbol$MethodSymbol;Lcom/sun/tools/javac/code/Type;)V @ 233 c2
Event: 1930.628 Thread 0x0000023f40e3e800 Uncommon trap: reason=class_check action=maybe_recompile pc=0x0000023f33dd44ec method=com.sun.tools.javac.jvm.ClassReader.setParameters(Lcom/sun/tools/javac/code/Symbol$MethodSymbol;Lcom/sun/tools/javac/code/Type;)V @ 233 c2
Event: 1930.720 Thread 0x0000023f40e3e800 Uncommon trap: reason=unstable_if action=reinterpret pc=0x0000023f338be1f8 method=com.sun.tools.javac.code.Scope$ScopeImpl.dble()V @ 44 c2
Event: 1931.059 Thread 0x0000023f40e42000 Uncommon trap: reason=profile_predicate action=maybe_recompile pc=0x0000023f33b3d4cc method=java.util.Collections.indexedBinarySearch(Ljava/util/List;Ljava/lang/Object;)I @ 13 c2
Event: 1931.059 Thread 0x0000023f40e42000 Uncommon trap: reason=profile_predicate action=maybe_recompile pc=0x0000023f33b3d4cc method=java.util.Collections.indexedBinarySearch(Ljava/util/List;Ljava/lang/Object;)I @ 13 c2
Event: 2794.314 Thread 0x0000023f40369800 Uncommon trap: reason=unstable_if action=reinterpret pc=0x0000023f33c301b8 method=java.util.concurrent.locks.AbstractQueuedSynchronizer$ConditionObject.awaitNanos(J)J @ 79 c2
Event: 4666.236 Thread 0x0000023f40b89000 Uncommon trap: reason=unstable_if action=reinterpret pc=0x0000023f334d1d48 method=java.lang.ref.SoftReference.get()Ljava/lang/Object; @ 6 c2
Event: 4666.249 Thread 0x0000023f40b89000 Uncommon trap: reason=unstable_if action=reinterpret pc=0x0000023f335d20c4 method=java.lang.ref.SoftReference.get()Ljava/lang/Object; @ 6 c2

Classes redefined (0 events):
No events

Internal exceptions (10 events):
Event: 1930.955 Thread 0x0000023f40e3e800 Exception <a 'sun/nio/fs/WindowsException'{0x00000000ef7cee78}> (0x00000000ef7cee78) thrown at [t:/workspace/open/src/hotspot/share/prims/jni.cpp, line 615]
Event: 1930.968 Thread 0x0000023f40e3e800 Exception <a 'sun/nio/fs/WindowsException'{0x00000000ef52e8b8}> (0x00000000ef52e8b8) thrown at [t:/workspace/open/src/hotspot/share/prims/jni.cpp, line 615]
Event: 1930.968 Thread 0x0000023f40e3e800 Exception <a 'sun/nio/fs/WindowsException'{0x00000000ef52eba8}> (0x00000000ef52eba8) thrown at [t:/workspace/open/src/hotspot/share/prims/jni.cpp, line 615]
Event: 1930.969 Thread 0x0000023f40e3e800 Exception <a 'sun/nio/fs/WindowsException'{0x00000000ef530fe0}> (0x00000000ef530fe0) thrown at [t:/workspace/open/src/hotspot/share/prims/jni.cpp, line 615]
Event: 1930.969 Thread 0x0000023f40e3e800 Exception <a 'sun/nio/fs/WindowsException'{0x00000000ef5312c0}> (0x00000000ef5312c0) thrown at [t:/workspace/open/src/hotspot/share/prims/jni.cpp, line 615]
Event: 1930.969 Thread 0x0000023f40e3e800 Exception <a 'sun/nio/fs/WindowsException'{0x00000000ef540730}> (0x00000000ef540730) thrown at [t:/workspace/open/src/hotspot/share/prims/jni.cpp, line 615]
Event: 1930.969 Thread 0x0000023f40e3e800 Exception <a 'sun/nio/fs/WindowsException'{0x00000000ef540a20}> (0x00000000ef540a20) thrown at [t:/workspace/open/src/hotspot/share/prims/jni.cpp, line 615]
Event: 1930.972 Thread 0x0000023f40e3e800 Exception <a 'sun/nio/fs/WindowsException'{0x00000000ef5e6220}> (0x00000000ef5e6220) thrown at [t:/workspace/open/src/hotspot/share/prims/jni.cpp, line 615]
Event: 4666.235 Thread 0x0000023f40b89000 Implicit null exception at 0x0000023f334d1ba9 to 0x0000023f334d1d32
Event: 4666.249 Thread 0x0000023f40b89000 Implicit null exception at 0x0000023f335d1a6d to 0x0000023f335d20ae

Events (10 events):
Event: 4666.645 Thread 0x0000023f40e47000 Thread added: 0x0000023f40e47000
Event: 4666.942 Executing VM operation: G1CollectForAllocation
Event: 4667.005 Executing VM operation: G1CollectForAllocation done
Event: 4667.221 Thread 0x0000023f40e46000 Thread exited: 0x0000023f40e46000
Event: 4667.452 Thread 0x0000023f40e44800 Thread added: 0x0000023f40e44800
Event: 4667.717 Executing VM operation: G1CollectForAllocation
Event: 4667.760 Executing VM operation: G1CollectForAllocation done
Event: 4668.074 loading class org/gradle/api/internal/artifacts/ivyservice/resolutionstrategy/DefaultCachePolicy$1
Event: 4668.074 loading class org/gradle/api/internal/artifacts/ivyservice/resolutionstrategy/DefaultCachePolicy$1 done
Event: 4668.123 Executing VM operation: CGC_Operation


Dynamic libraries:
0x00007ff7593f0000 - 0x00007ff759435000 	C:\openjdk-11.0.2\bin\java.exe
0x00007ff88b200000 - 0x00007ff88b3f0000 	C:\WINDOWS\SYSTEM32\ntdll.dll
0x00007ff889c90000 - 0x00007ff889d42000 	C:\WINDOWS\System32\KERNEL32.DLL
0x00007ff888e00000 - 0x00007ff8890a4000 	C:\WINDOWS\System32\KERNELBASE.dll
0x00007ff88a870000 - 0x00007ff88aa04000 	C:\WINDOWS\System32\USER32.dll
0x00007ff888190000 - 0x00007ff8881b1000 	C:\WINDOWS\System32\win32u.dll
0x00007ff889d50000 - 0x00007ff889d76000 	C:\WINDOWS\System32\GDI32.dll
0x00007ff888c10000 - 0x00007ff888da5000 	C:\WINDOWS\System32\gdi32full.dll
0x00007ff888af0000 - 0x00007ff888b8e000 	C:\WINDOWS\System32\msvcp_win.dll
0x00007ff8881c0000 - 0x00007ff8882ba000 	C:\WINDOWS\System32\ucrtbase.dll
0x00007ff876960000 - 0x00007ff876be4000 	C:\WINDOWS\WinSxS\amd64_microsoft.windows.common-controls_6595b64144ccf1df_6.0.18362.900_none_e6beb9d913147d17\COMCTL32.dll
0x00007ff88a2c0000 - 0x00007ff88a35e000 	C:\WINDOWS\System32\msvcrt.dll
0x00007ff88a360000 - 0x00007ff88a695000 	C:\WINDOWS\System32\combase.dll
0x00007ff889470000 - 0x00007ff889590000 	C:\WINDOWS\System32\RPCRT4.dll
0x00007ff888b90000 - 0x00007ff888c10000 	C:\WINDOWS\System32\bcryptPrimitives.dll
0x00007ff88a180000 - 0x00007ff88a1ae000 	C:\WINDOWS\System32\IMM32.DLL
0x00007ff874730000 - 0x00007ff874746000 	C:\openjdk-11.0.2\bin\vcruntime140.dll
0x00007ff85c150000 - 0x00007ff85c1fa000 	C:\openjdk-11.0.2\bin\msvcp140.dll
0x00007ff850c30000 - 0x00007ff851753000 	C:\openjdk-11.0.2\bin\server\jvm.dll
0x00007ff88b110000 - 0x00007ff88b1b3000 	C:\WINDOWS\System32\ADVAPI32.dll
0x00007ff889590000 - 0x00007ff889627000 	C:\WINDOWS\System32\sechost.dll
0x00007ff88b100000 - 0x00007ff88b108000 	C:\WINDOWS\System32\PSAPI.DLL
0x00007ff873f10000 - 0x00007ff873f19000 	C:\WINDOWS\SYSTEM32\WSOCK32.dll
0x00007ff8892b0000 - 0x00007ff88931f000 	C:\WINDOWS\System32\WS2_32.dll
0x00007ff884e20000 - 0x00007ff884e44000 	C:\WINDOWS\SYSTEM32\WINMM.dll
0x00007ff87dd90000 - 0x00007ff87dd9a000 	C:\WINDOWS\SYSTEM32\VERSION.dll
0x00007ff884b90000 - 0x00007ff884bbd000 	C:\WINDOWS\SYSTEM32\WINMMBASE.dll
0x00007ff888aa0000 - 0x00007ff888aea000 	C:\WINDOWS\System32\cfgmgr32.dll
0x00007ff8880d0000 - 0x00007ff8880e1000 	C:\WINDOWS\System32\kernel.appcore.dll
0x00007ff874360000 - 0x00007ff874371000 	C:\openjdk-11.0.2\bin\verify.dll
0x00007ff8869a0000 - 0x00007ff886b94000 	C:\WINDOWS\SYSTEM32\DBGHELP.DLL
0x00007ff870ed0000 - 0x00007ff870efa000 	C:\WINDOWS\SYSTEM32\dbgcore.DLL
0x00007ff8708b0000 - 0x00007ff8708d8000 	C:\openjdk-11.0.2\bin\java.dll
0x00007ff870890000 - 0x00007ff8708a6000 	C:\openjdk-11.0.2\bin\zip.dll
0x00007ff882430000 - 0x00007ff88243a000 	C:\openjdk-11.0.2\bin\jimage.dll
0x00007ff88aa10000 - 0x00007ff88b0f6000 	C:\WINDOWS\System32\SHELL32.dll
0x00007ff889eb0000 - 0x00007ff889f59000 	C:\WINDOWS\System32\shcore.dll
0x00007ff888320000 - 0x00007ff888aa0000 	C:\WINDOWS\System32\windows.storage.dll
0x00007ff888140000 - 0x00007ff888163000 	C:\WINDOWS\System32\profapi.dll
0x00007ff8880f0000 - 0x00007ff88813a000 	C:\WINDOWS\System32\powrprof.dll
0x00007ff8880c0000 - 0x00007ff8880d0000 	C:\WINDOWS\System32\UMPDC.dll
0x00007ff88a260000 - 0x00007ff88a2b2000 	C:\WINDOWS\System32\shlwapi.dll
0x00007ff888db0000 - 0x00007ff888dc7000 	C:\WINDOWS\System32\cryptsp.dll
0x00007ff870870000 - 0x00007ff870889000 	C:\openjdk-11.0.2\bin\net.dll
0x00007ff87f820000 - 0x00007ff87f910000 	C:\WINDOWS\SYSTEM32\WINHTTP.dll
0x00007ff878b60000 - 0x00007ff878d36000 	C:\WINDOWS\SYSTEM32\urlmon.dll
0x00007ff879770000 - 0x00007ff879a16000 	C:\WINDOWS\SYSTEM32\iertutil.dll
0x00007ff887b00000 - 0x00007ff887b0c000 	C:\WINDOWS\SYSTEM32\CRYPTBASE.DLL
0x00007ff887930000 - 0x00007ff887997000 	C:\WINDOWS\system32\mswsock.dll
0x00007ff8697b0000 - 0x00007ff8697c3000 	C:\openjdk-11.0.2\bin\nio.dll
0x00007ff882480000 - 0x00007ff8824a6000 	C:\Users\bkuek\.gradle\native\31\windows-amd64\native-platform.dll
0x00007ff878440000 - 0x00007ff878449000 	C:\openjdk-11.0.2\bin\management.dll
0x00007ff877db0000 - 0x00007ff877dbc000 	C:\openjdk-11.0.2\bin\management_ext.dll
0x00007ff8874a0000 - 0x00007ff8874d3000 	C:\WINDOWS\system32\rsaenh.dll
0x00007ff888dd0000 - 0x00007ff888df6000 	C:\WINDOWS\System32\bcrypt.dll
0x00007ff887fb0000 - 0x00007ff887fd5000 	C:\WINDOWS\SYSTEM32\USERENV.dll
0x00007ff887640000 - 0x00007ff88767a000 	C:\WINDOWS\SYSTEM32\IPHLPAPI.DLL
0x00007ff889c80000 - 0x00007ff889c88000 	C:\WINDOWS\System32\NSI.dll
0x00007ff87dd40000 - 0x00007ff87dd56000 	C:\WINDOWS\SYSTEM32\dhcpcsvc6.DLL
0x00007ff87dce0000 - 0x00007ff87dcfc000 	C:\WINDOWS\SYSTEM32\dhcpcsvc.DLL
0x00007ff887680000 - 0x00007ff88774b000 	C:\WINDOWS\SYSTEM32\DNSAPI.dll

dbghelp: loaded successfully - version: 4.0.5 - missing functions: none
symbol engine: initialized successfully - sym options: 0x614 - pdb path: .;C:\openjdk-11.0.2\bin;C:\WINDOWS\SYSTEM32;C:\WINDOWS\WinSxS\amd64_microsoft.windows.common-controls_6595b64144ccf1df_6.0.18362.900_none_e6beb9d913147d17;C:\openjdk-11.0.2\bin\server;C:\Users\bkuek\.gradle\native\31\windows-amd64

VM Arguments:
jvm_args: --add-opens=java.base/java.util=ALL-UNNAMED --add-opens=java.base/java.lang=ALL-UNNAMED --add-opens=java.base/java.lang.invoke=ALL-UNNAMED --add-opens=java.prefs/java.util.prefs=ALL-UNNAMED -XX:MaxMetaspaceSize=256m -XX:+HeapDumpOnOutOfMemoryError -Xms256m -Xmx512m -Dfile.encoding=x-windows-949 -Duser.country=KR -Duser.language=ko -Duser.variant 
java_command: org.gradle.launcher.daemon.bootstrap.GradleDaemon 6.1.1
java_class_path (initial): C:\Users\bkuek\.gradle\wrapper\dists\gradle-6.1.1-all\cfmwm155h49vnt3hynmlrsdst\gradle-6.1.1\lib\gradle-launcher-6.1.1.jar
Launcher Type: SUN_STANDARD

[Global flags]
     intx CICompilerCount                          = 3                                         {product} {ergonomic}
   size_t CompressedClassSpaceSize                 = 260046848                                 {product} {ergonomic}
     uint ConcGCThreads                            = 1                                         {product} {ergonomic}
     uint G1ConcRefinementThreads                  = 4                                         {product} {ergonomic}
   size_t G1HeapRegionSize                         = 1048576                                   {product} {ergonomic}
    uintx GCDrainStackTargetSize                   = 64                                        {product} {ergonomic}
     bool HeapDumpOnOutOfMemoryError               = true                                   {manageable} {command line}
   size_t InitialHeapSize                          = 268435456                                 {product} {command line}
   size_t MarkStackSize                            = 4194304                                   {product} {ergonomic}
   size_t MaxHeapSize                              = 536870912                                 {product} {command line}
   size_t MaxMetaspaceSize                         = 268435456                                 {product} {command line}
   size_t MaxNewSize                               = 321912832                                 {product} {ergonomic}
   size_t MinHeapDeltaBytes                        = 1048576                                   {product} {ergonomic}
    uintx NonNMethodCodeHeapSize                   = 5830092                                {pd product} {ergonomic}
    uintx NonProfiledCodeHeapSize                  = 122914074                              {pd product} {ergonomic}
    uintx ProfiledCodeHeapSize                     = 122914074                              {pd product} {ergonomic}
    uintx ReservedCodeCacheSize                    = 251658240                              {pd product} {ergonomic}
     bool SegmentedCodeCache                       = true                                      {product} {ergonomic}
     bool UseCompressedClassPointers               = true                                 {lp64_product} {ergonomic}
     bool UseCompressedOops                        = true                                 {lp64_product} {ergonomic}
     bool UseG1GC                                  = true                                      {product} {ergonomic}
     bool UseLargePagesIndividualAllocation        = false                                  {pd product} {ergonomic}

Logging:
Log output configuration:
 #0: stdout all=warning uptime,level,tags
 #1: stderr all=off uptime,level,tags

Environment Variables:
JAVA_HOME=C:\openjdk-11.0.2
PATH=C:\Program Files (x86)\NAT Service;C:\Program Files (x86)\Intel\iCLS Client\;C:\Program Files\Intel\iCLS Client\;C:\windows\system32;C:\windows;C:\windows\System32\Wbem;C:\windows\System32\WindowsPowerShell\v1.0\;C:\Program Files (x86)\Intel\Intel(R) Management Engine Components\DAL;C:\Program Files\Intel\Intel(R) Management Engine Components\DAL;C:\Program Files (x86)\Intel\Intel(R) Management Engine Components\IPT;C:\Program Files\Intel\Intel(R) Management Engine Components\IPT;C:\Program Files (x86)\NVIDIA Corporation\PhysX\Common;C:\Windows\system32;C:\Windows;C:\Windows\System32\Wbem;C:\Windows\System32\WindowsPowerShell\v1.0\;C:\Windows\System32\OpenSSH\;C:\Program Files\Git\cmd;C:\openjdk-11.0.2\bin;C:\Users\bkuek\AppData\Local\Android\Sdk\platform-tools;C:\maven-3.6.1\bin;D:\Putty\;C:\Program Files\nodejs\;C:\Program Files (x86)\Yarn\bin\;C:\k8s;C:\Program Files\Kubernetes\Minikube;C:\WINDOWS\system32;C:\WINDOWS;C:\WINDOWS\System32\Wbem;C:\WINDOWS\System32\WindowsPowerShell\v1.0\;C:\WINDOWS\System32\OpenSSH\;C:\Program Files\Intel\WiFi\bin\;C:\Program Files\Common Files\Intel\WirelessCommon\;C:\Helm;D:\Ruby25-x64\bin;D:\MySQL_5.7\bin;C:\Users\bkuek\OneDrive\¹ÙÅÁ È­¸é\curl-7.67.0_5-win64-mingw\bin;C:\Program Files (x86)\sbt\bin;C:\Go\bin;D:\Go\bin;C:\Users\bkuek\AppData\Local\Microsoft\WindowsApps;C:\Users\bkuek\AppData\Roaming\npm;C:\Users\bkuek\AppData\Local\Yarn\bin;C:\Program Files\JetBrains\IntelliJ IDEA 2019.2.4\bin;;C:\Users\bkuek\AppData\Local\Programs\Microsoft VS Code\bin;C:\Program Files\Docker Toolbox;C:\Users\bkuek\go\bin
USERNAME=bkuek
OS=Windows_NT
PROCESSOR_IDENTIFIER=Intel64 Family 6 Model 158 Stepping 9, GenuineIntel



---------------  S Y S T E M  ---------------

OS: Windows 10 , 64 bit Build 18362 (10.0.18362.900)

CPU:total 4 (initial active 4) (4 cores per cpu, 1 threads per core) family 6 model 158 stepping 9, cmov, cx8, fxsr, mmx, sse, sse2, sse3, ssse3, sse4.1, sse4.2, popcnt, avx, avx2, aes, clmul, erms, 3dnowpref, lzcnt, tsc, tscinvbit, bmi1, bmi2, adx, fma

Memory: 4k page, system-wide physical 3981M (643M free)
TotalPageFile size 15245M (AvailPageFile size 8202M)
current process WorkingSet (physical memory assigned to process): 355M, peak: 505M
current process commit charge ("private bytes"): 542M, peak: 588M

vm_info: OpenJDK 64-Bit Server VM (11.0.2+9) for windows-amd64 JRE (11.0.2+9), built on Jan 18 2019 05:23:22 by "mach5one" with MS VC++ 15.5 (VS2017)

END.
